<?xml version="1.0" encoding="UTF-8"?>
<!-- Generated by org.testng.reporters.JUnitReportReporter -->
<testsuite ignored="0" hostname="LAPTOP-R1C2DS9T" failures="0" tests="2" name="com.qa.TestCases.LoginPageTestCasesDDT" time="14.694" errors="0" timestamp="11 Jul 2023 07:57:47 GMT" skipped="0">
  <testcase classname="com.qa.TestCases.LoginPageTestCasesDDT" name="LoginwithValidCredentials" time="7.743"/>
  <testcase classname="com.qa.TestCases.LoginPageTestCasesDDT" name="LoginwithValidCredentials" time="6.951"/>
</testsuite> <!-- com.qa.TestCases.LoginPageTestCasesDDT -->
