<?xml version="1.0" encoding="UTF-8"?>
<!-- Generated by org.testng.reporters.JUnitReportReporter -->
<testsuite ignored="0" hostname="LAPTOP-R1C2DS9T" failures="0" tests="1" name="com.qa.TestCases.LoginPageTestCasesCopy" time="0.988" errors="0" timestamp="10 Jul 2023 15:44:30 GMT" skipped="0">
  <testcase classname="com.qa.TestCases.LoginPageTestCasesCopy" name="LoginwithValidCredentials" time="0.988"/>
</testsuite> <!-- com.qa.TestCases.LoginPageTestCasesCopy -->
