<?xml version="1.0" encoding="UTF-8"?>
<!-- Generated by org.testng.reporters.JUnitReportReporter -->
<testsuite ignored="0" hostname="LAPTOP-R1C2DS9T" failures="0" tests="1" name="com.qa.TestCases.ProductSearchPageTestCases" time="9.706" errors="0" timestamp="11 Jul 2023 07:57:47 GMT" skipped="0">
  <testcase classname="com.qa.TestCases.ProductSearchPageTestCases" name="searchOfExistingProduct" time="9.706"/>
</testsuite> <!-- com.qa.TestCases.ProductSearchPageTestCases -->
